<?xml version="1.0" encoding="UTF-8"?>
<!-- Generated by org.testng.reporters.JUnitXMLReporter -->
<testsuite ignored="2" hostname="RICSW42NLPC0548" failures="0" tests="1" name="Test" time="10.01" errors="0" timestamp="2025-01-02T09:34:30 IST">
  <testcase classname="com.projectOrangehrm.tests.LoginTest" name="loginTest" time="2.227"/>
  <testcase classname="com.projectOrangehrm.BaseClass.BaseClass" name="@BeforeSuite loadConfig" time="0.0">
    <ignored/>
  </testcase> <!-- @BeforeSuite loadConfig -->
  <testcase classname="com.projectOrangehrm.BaseClass.BaseClass" name="@AfterSuite afterSuite" time="0.0">
    <ignored/>
  </testcase> <!-- @AfterSuite afterSuite -->
</testsuite> <!-- Test -->
