<?xml version="1.0" encoding="UTF-8"?>
<testsuite name="Cucumber" time="47.729" tests="2" skipped="0" failures="0" errors="0" timestamp="2025-02-28T14:04:49.850432500Z">
<testcase classname="feature to test google search functionality" name="Check that google search is working" time="46.863">
<system-out><![CDATA[
Given browser is open.......................................................passed
And user is on google search page...........................................passed
When user enters text in search box.........................................passed
And hits enter..............................................................passed
Then user is navigated to search results....................................passed
]]></system-out>
</testcase>
<testcase classname="feature to test login functionality" name="Check login is successful with valid credentials" time="0.022">
<system-out><![CDATA[
Given user is on login page.................................................passed
When user enters username and password......................................passed
And clicks on login button..................................................passed
Then user is navigated to the home page.....................................passed
]]></system-out>
</testcase>
</testsuite>
