<?xml version="1.0" encoding="UTF-8"?>
<!-- Generated by org.testng.reporters.JUnitXMLReporter -->
<testsuite ignored="0" hostname="TALW46ZLPC0748" failures="2" tests="2" name="Test" time="0.122" errors="0" timestamp="2024-10-30T11:04:50 IST">
  <testcase classname="e.testngdemo.M_CalcTest" name="add" time="0.0">
    <failure type="org.testng.TestNGException" message="
Conversion issue on parameter: a">
      <![CDATA[org.testng.TestNGException: 
Conversion issue on parameter: a
at java.base/java.util.ArrayList.forEach(ArrayList.java:1541)
Caused by: java.lang.NumberFormatException: For input string: "Hi"
at java.base/java.lang.NumberFormatException.forInputString(NumberFormatException.java:65)
at java.base/java.lang.Integer.parseInt(Integer.java:652)
at java.base/java.lang.Integer.valueOf(Integer.java:983)
... 27 more
... Removed 28 stack frames]]>
    </failure>
  </testcase> <!-- add -->
  <testcase classname="e.testngdemo.M_CalcTest" name="sub" time="0.0">
    <failure type="org.testng.TestNGException" message="
Conversion issue on parameter: a">
      <![CDATA[org.testng.TestNGException: 
Conversion issue on parameter: a
at java.base/java.util.ArrayList.forEach(ArrayList.java:1541)
Caused by: java.lang.NumberFormatException: For input string: "Hi"
at java.base/java.lang.NumberFormatException.forInputString(NumberFormatException.java:65)
at java.base/java.lang.Integer.parseInt(Integer.java:652)
at java.base/java.lang.Integer.valueOf(Integer.java:983)
... 27 more
... Removed 28 stack frames]]>
    </failure>
  </testcase> <!-- sub -->
</testsuite> <!-- Test -->
