<?xml version="1.0" encoding="UTF-8"?>
<testng-results ignored="0" total="1" passed="0" failed="1" skipped="0">
  <reporter-output>
  </reporter-output>
  <suite started-at="2025-01-02T18:45:51 IST" name="Default suite" finished-at="2025-01-02T18:45:51 IST" duration-ms="223">
    <groups>
    </groups>
    <test started-at="2025-01-02T18:45:51 IST" name="Default test" finished-at="2025-01-02T18:45:51 IST" duration-ms="223">
      <class name="com.projectOrangehrm.tests.AdminTest">
        <test-method is-config="true" signature="loadConfig()[pri:0, instance:com.projectOrangehrm.tests.AdminTest@2d1ef81a]" started-at="2025-01-02T18:45:50 IST" name="loadConfig" finished-at="2025-01-02T18:45:51 IST" duration-ms="358" status="PASS">
          <reporter-output>
          </reporter-output>
        </test-method> <!-- loadConfig -->
        <test-method signature="loginTestAdmin(java.lang.String,java.lang.String,java.lang.String,java.lang.String)[pri:1, instance:com.projectOrangehrm.tests.AdminTest@2d1ef81a]" started-at="2025-01-02T18:45:51 IST" name="loginTestAdmin" finished-at="2025-01-02T18:45:51 IST" duration-ms="0" status="FAIL">
          <exception class="org.testng.TestNGException">
            <message>
              <![CDATA[
Cannot instantiate class com.projectOrangehrm.utility.DataProviders]]>
            </message>
            <full-stacktrace>
              <![CDATA[org.testng.TestNGException: 
Cannot instantiate class com.projectOrangehrm.utility.DataProviders
at org.testng.internal.objects.InstanceCreator.newInstance(InstanceCreator.java:43)
at org.testng.internal.objects.InstanceCreator.newInstance(InstanceCreator.java:61)
at org.testng.ITestObjectFactory.newInstance(ITestObjectFactory.java:10)
at org.testng.internal.objects.SimpleObjectDispenser.dispense(SimpleObjectDispenser.java:61)
at org.testng.internal.objects.GuiceBasedObjectDispenser.dispenseObject(GuiceBasedObjectDispenser.java:41)
at org.testng.internal.objects.GuiceBasedObjectDispenser.dispense(GuiceBasedObjectDispenser.java:31)
at org.testng.internal.Parameters.findDataProvider(Parameters.java:636)
at org.testng.internal.Parameters.findDataProvider(Parameters.java:516)
at org.testng.internal.Parameters.handleParameters(Parameters.java:769)
at org.testng.internal.Parameters.handleParameters(Parameters.java:734)
at org.testng.internal.invokers.ParameterHandler.handleParameters(ParameterHandler.java:72)
at org.testng.internal.invokers.ParameterHandler.createParameters(ParameterHandler.java:51)
at org.testng.internal.invokers.TestInvoker$MethodInvocationAgent.invoke(TestInvoker.java:946)
at org.testng.internal.invokers.TestInvoker.invokeTestMethods(TestInvoker.java:203)
at org.testng.internal.invokers.TestMethodWorker.invokeTestMethods(TestMethodWorker.java:154)
at org.testng.internal.invokers.TestMethodWorker.run(TestMethodWorker.java:134)
at java.base/java.util.ArrayList.forEach(ArrayList.java:1511)
at org.testng.TestRunner.privateRun(TestRunner.java:739)
at org.testng.TestRunner.run(TestRunner.java:614)
at org.testng.SuiteRunner.runTest(SuiteRunner.java:421)
at org.testng.SuiteRunner.runSequentially(SuiteRunner.java:413)
at org.testng.SuiteRunner.privateRun(SuiteRunner.java:373)
at org.testng.SuiteRunner.run(SuiteRunner.java:312)
at org.testng.SuiteRunnerWorker.runSuite(SuiteRunnerWorker.java:52)
at org.testng.SuiteRunnerWorker.run(SuiteRunnerWorker.java:95)
at org.testng.TestNG.runSuitesSequentially(TestNG.java:1274)
at org.testng.TestNG.runSuitesLocally(TestNG.java:1208)
at org.testng.TestNG.runSuites(TestNG.java:1112)
at org.testng.TestNG.run(TestNG.java:1079)
at org.testng.remote.AbstractRemoteTestNG.run(AbstractRemoteTestNG.java:115)
at org.testng.remote.RemoteTestNG.initAndRun(RemoteTestNG.java:293)
at org.testng.remote.RemoteTestNG.main(RemoteTestNG.java:91)
Caused by: java.lang.reflect.InvocationTargetException
at java.base/jdk.internal.reflect.NativeConstructorAccessorImpl.newInstance0(Native Method)
at java.base/jdk.internal.reflect.NativeConstructorAccessorImpl.newInstance(NativeConstructorAccessorImpl.java:77)
at java.base/jdk.internal.reflect.DelegatingConstructorAccessorImpl.newInstance(DelegatingConstructorAccessorImpl.java:45)
at java.base/java.lang.reflect.Constructor.newInstanceWithCaller(Constructor.java:499)
at java.base/java.lang.reflect.Constructor.newInstance(Constructor.java:480)
at org.testng.internal.objects.InstanceCreator.newInstance(InstanceCreator.java:40)
... 31 more
Caused by: java.lang.NoSuchFieldError: INSTANCE
at org.apache.logging.log4j.core.LoggerContext.<clinit>(LoggerContext.java:107)
at org.apache.logging.log4j.core.selector.ClassLoaderContextSelector.createContext(ClassLoaderContextSelector.java:265)
at org.apache.logging.log4j.core.selector.ClassLoaderContextSelector.locateContext(ClassLoaderContextSelector.java:224)
at org.apache.logging.log4j.core.selector.ClassLoaderContextSelector.getContext(ClassLoaderContextSelector.java:142)
at org.apache.logging.log4j.core.selector.ClassLoaderContextSelector.getContext(ClassLoaderContextSelector.java:125)
at org.apache.logging.log4j.core.selector.ClassLoaderContextSelector.getContext(ClassLoaderContextSelector.java:119)
at org.apache.logging.log4j.core.impl.Log4jContextFactory.getContext(Log4jContextFactory.java:148)
at org.apache.logging.log4j.core.impl.Log4jContextFactory.getContext(Log4jContextFactory.java:46)
at org.apache.logging.log4j.LogManager.getContext(LogManager.java:197)
at org.apache.logging.log4j.LogManager.getLogger(LogManager.java:611)
at org.apache.poi.ooxml.POIXMLDocumentPart.<clinit>(POIXMLDocumentPart.java:56)
at com.projectOrangehrm.utility.NewExcelLibrary.<init>(NewExcelLibrary.java:54)
at com.projectOrangehrm.utility.DataProviders.<init>(DataProviders.java:10)
... 37 more
]]>
            </full-stacktrace>
          </exception> <!-- org.testng.TestNGException -->
          <reporter-output>
          </reporter-output>
        </test-method> <!-- loginTestAdmin -->
        <test-method is-config="true" signature="afterSuite()[pri:0, instance:com.projectOrangehrm.tests.AdminTest@2d1ef81a]" started-at="2025-01-02T18:45:51 IST" name="afterSuite" finished-at="2025-01-02T18:45:51 IST" duration-ms="252" status="PASS">
          <reporter-output>
          </reporter-output>
        </test-method> <!-- afterSuite -->
      </class> <!-- com.projectOrangehrm.tests.AdminTest -->
    </test> <!-- Default test -->
  </suite> <!-- Default suite -->
</testng-results>
