<?xml version="1.0" encoding="UTF-8"?>
<testsuite name="Cucumber" time="0.313" tests="3" skipped="0" failures="0" errors="0" timestamp="2025-05-05T10:24:45.639517500Z">
<testcase classname="Login Functionality using Data Driven Test" name="Successful Login with Valid Credentials - #1.1" time="0.034">
<system-out><![CDATA[
Given A User is on the Login Page...........................................passed
When A User enters "user1" and "pass123"....................................passed
Then A User should be logged in successfully................................passed
]]></system-out>
</testcase>
<testcase classname="Login Functionality using Data Driven Test" name="Successful Login with Valid Credentials - #1.2" time="0.004">
<system-out><![CDATA[
Given A User is on the Login Page...........................................passed
When A User enters "user2" and "pass456"....................................passed
Then A User should be logged in successfully................................passed
]]></system-out>
</testcase>
<testcase classname="Login Functionality using Data Driven Test" name="Successful Login with Valid Credentials - #1.3" time="0.003">
<system-out><![CDATA[
Given A User is on the Login Page...........................................passed
When A User enters "user3" and "pass789"....................................passed
Then A User should be logged in successfully................................passed
]]></system-out>
</testcase>
</testsuite>
