<?xml version="1.0" encoding="UTF-8"?>
<testng-results ignored="0" total="1" passed="1" failed="0" skipped="0">
  <reporter-output>
  </reporter-output>
  <suite started-at="2025-08-13T17:15:55 IST" name="Default suite" finished-at="2025-08-13T17:16:04 IST" duration-ms="8838">
    <groups>
    </groups>
    <test started-at="2025-08-13T17:15:55 IST" name="Default test" finished-at="2025-08-13T17:16:04 IST" duration-ms="8838">
      <class name="m.logging.GoogleTest">
        <test-method is-config="true" signature="setup()[pri:0, instance:m.logging.GoogleTest@2f62ea70]" started-at="2025-08-13T17:15:55 IST" name="setup" finished-at="2025-08-13T17:16:01 IST" duration-ms="6217" status="PASS">
          <reporter-output>
          </reporter-output>
        </test-method> <!-- setup -->
        <test-method signature="testGoogleHomePage()[pri:0, instance:m.logging.GoogleTest@2f62ea70]" started-at="2025-08-13T17:16:01 IST" name="testGoogleHomePage" finished-at="2025-08-13T17:16:03 IST" duration-ms="1992" status="PASS">
          <reporter-output>
          </reporter-output>
        </test-method> <!-- testGoogleHomePage -->
        <test-method is-config="true" signature="tearDown()[pri:0, instance:m.logging.GoogleTest@2f62ea70]" started-at="2025-08-13T17:16:03 IST" name="tearDown" finished-at="2025-08-13T17:16:04 IST" duration-ms="584" status="PASS">
          <reporter-output>
          </reporter-output>
        </test-method> <!-- tearDown -->
      </class> <!-- m.logging.GoogleTest -->
    </test> <!-- Default test -->
  </suite> <!-- Default suite -->
</testng-results>
