<?xml version="1.0" encoding="UTF-8"?>
<!-- Generated by org.testng.reporters.JUnitXMLReporter -->
<testsuite ignored="3" hostname="TALW46ZLPC0748" failures="0" tests="3" name="Test" time="0.148" errors="0" timestamp="2024-07-31T11:31:04 IST">
  <testcase classname="e.testngdemo.J_TestGrouping" name="test1" time="0.016"/>
  <testcase classname="e.testngdemo.J_TestGrouping" name="test3" time="0.005"/>
  <testcase classname="e.testngdemo.J_TestGrouping" name="test4" time="0.002"/>
  <testcase classname="e.testngdemo.J_TestGrouping" name="test6" time="0.0">
    <ignored/>
  </testcase> <!-- test6 -->
  <testcase classname="e.testngdemo.J_TestGrouping" name="test2" time="0.0">
    <ignored/>
  </testcase> <!-- test2 -->
  <testcase classname="e.testngdemo.J_TestGrouping" name="test5" time="0.0">
    <ignored/>
  </testcase> <!-- test5 -->
</testsuite> <!-- Test -->
