<?xml version="1.0" encoding="UTF-8"?>
<!-- Generated by org.testng.reporters.JUnitXMLReporter -->
<testsuite ignored="2" hostname="TALW46ZLPC0748" failures="0" tests="4" name="Test" time="0.115" errors="0" timestamp="2025-04-24T16:02:25 IST">
  <testcase classname="testngdemo.J_TestGrouping" name="test1" time="0.015"/>
  <testcase classname="testngdemo.J_TestGrouping" name="test3" time="0.002"/>
  <testcase classname="testngdemo.J_TestGrouping" name="test4" time="0.002"/>
  <testcase classname="testngdemo.J_TestGrouping" name="test5" time="0.002"/>
  <testcase classname="testngdemo.J_TestGrouping" name="test2" time="0.0">
    <ignored/>
  </testcase> <!-- test2 -->
  <testcase classname="testngdemo.J_TestGrouping" name="test6" time="0.0">
    <ignored/>
  </testcase> <!-- test6 -->
</testsuite> <!-- Test -->
