<?xml version="1.0" encoding="UTF-8"?>
<!-- Generated by org.testng.reporters.JUnitXMLReporter -->
<testsuite ignored="1" hostname="TALW46ZLPC0748" failures="1" tests="1" name="TestOne(failed)" time="0.232" errors="0" timestamp="2025-04-24T16:09:07 IST">
  <testcase classname="testngdemo.G_PassAndFailTest" name="test1" time="0.049">
    <failure type="java.lang.AssertionError" message="expected [Google1] but found [Google]">
      <![CDATA[java.lang.AssertionError: expected [Google1] but found [Google]
at testngdemo.G_PassAndFailTest.test1(G_PassAndFailTest.java:16)
at java.base/java.util.ArrayList.forEach(ArrayList.java:1541)
... Removed 33 stack frames]]>
    </failure>
  </testcase> <!-- test1 -->
  <testcase classname="testngdemo.G_PassAndFailTest" name="test2" time="0.0">
    <ignored/>
  </testcase> <!-- test2 -->
</testsuite> <!-- TestOne(failed) -->
