<?xml version="1.0" encoding="UTF-8"?>
<testng-results ignored="0" total="1" passed="1" failed="0" skipped="0">
  <reporter-output>
  </reporter-output>
  <suite started-at="2025-08-11T17:05:42 IST" name="Default suite" finished-at="2025-08-11T17:05:50 IST" duration-ms="8736">
    <groups>
    </groups>
    <test started-at="2025-08-11T17:05:42 IST" name="Default test" finished-at="2025-08-11T17:05:50 IST" duration-ms="8736">
      <class name="gridex.GoogleHome">
        <test-method is-config="true" signature="beforeMethod()[pri:0, instance:gridex.GoogleHome@3eb25e1a]" started-at="2025-08-11T17:05:42 IST" name="beforeMethod" finished-at="2025-08-11T17:05:45 IST" duration-ms="3654" status="PASS">
          <reporter-output>
          </reporter-output>
        </test-method> <!-- beforeMethod -->
        <test-method signature="test1()[pri:0, instance:gridex.GoogleHome@3eb25e1a]" started-at="2025-08-11T17:05:45 IST" name="test1" finished-at="2025-08-11T17:05:47 IST" duration-ms="1419" status="PASS">
          <reporter-output>
          </reporter-output>
        </test-method> <!-- test1 -->
        <test-method is-config="true" signature="afterMethod()[pri:0, instance:gridex.GoogleHome@3eb25e1a]" started-at="2025-08-11T17:05:47 IST" name="afterMethod" finished-at="2025-08-11T17:05:50 IST" duration-ms="3616" status="PASS">
          <reporter-output>
          </reporter-output>
        </test-method> <!-- afterMethod -->
      </class> <!-- gridex.GoogleHome -->
    </test> <!-- Default test -->
  </suite> <!-- Default suite -->
</testng-results>
